<?xml version="1.0" encoding="UTF-8"?>
<testsuite name="com.bluesky.book.web.controller.PostsApiControllerTest" tests="2" skipped="0" failures="0" errors="0" timestamp="2020-04-05T19:29:30" hostname="DESKTOP-MTF91B9" time="0.162">
  <properties/>
  <testcase name="postsUpdateTest" classname="com.bluesky.book.web.controller.PostsApiControllerTest" time="0.144"/>
  <testcase name="postsSaveTest" classname="com.bluesky.book.web.controller.PostsApiControllerTest" time="0.017"/>
  <system-out><![CDATA[?[2m2020-04-06 04:29:30.893?[0;39m ?[32m INFO?[0;39m ?[35m9924?[0;39m ?[2m---?[0;39m ?[2m[    Test worker]?[0;39m ?[36m.b.t.c.SpringBootTestContextBootstrapper?[0;39m ?[2m:?[0;39m Neither @ContextConfiguration nor @ContextHierarchy found for test class [com.bluesky.book.web.controller.PostsApiControllerTest], using SpringBootContextLoader
?[2m2020-04-06 04:29:30.894?[0;39m ?[32m INFO?[0;39m ?[35m9924?[0;39m ?[2m---?[0;39m ?[2m[    Test worker]?[0;39m ?[36mo.s.t.c.support.AbstractContextLoader   ?[0;39m ?[2m:?[0;39m Could not detect default resource locations for test class [com.bluesky.book.web.controller.PostsApiControllerTest]: no resource found for suffixes {-context.xml, Context.groovy}.
?[2m2020-04-06 04:29:30.894?[0;39m ?[32m INFO?[0;39m ?[35m9924?[0;39m ?[2m---?[0;39m ?[2m[    Test worker]?[0;39m ?[36mt.c.s.AnnotationConfigContextLoaderUtils?[0;39m ?[2m:?[0;39m Could not detect default configuration classes for test class [com.bluesky.book.web.controller.PostsApiControllerTest]: PostsApiControllerTest does not declare any static, non-private, non-final, nested classes annotated with @Configuration.
?[2m2020-04-06 04:29:30.895?[0;39m ?[32m INFO?[0;39m ?[35m9924?[0;39m ?[2m---?[0;39m ?[2m[    Test worker]?[0;39m ?[36m.b.t.c.SpringBootTestContextBootstrapper?[0;39m ?[2m:?[0;39m Found @SpringBootConfiguration com.bluesky.book.Application for test class com.bluesky.book.web.controller.PostsApiControllerTest
?[2m2020-04-06 04:29:30.896?[0;39m ?[32m INFO?[0;39m ?[35m9924?[0;39m ?[2m---?[0;39m ?[2m[    Test worker]?[0;39m ?[36m.b.t.c.SpringBootTestContextBootstrapper?[0;39m ?[2m:?[0;39m Loaded default TestExecutionListener class names from location [META-INF/spring.factories]: [org.springframework.security.test.context.support.WithSecurityContextTestExecutionListener, org.springframework.security.test.context.support.ReactorContextTestExecutionListener, org.springframework.boot.test.autoconfigure.restdocs.RestDocsTestExecutionListener, org.springframework.boot.test.autoconfigure.web.client.MockRestServiceServerResetTestExecutionListener, org.springframework.boot.test.autoconfigure.web.servlet.MockMvcPrintOnlyOnFailureTestExecutionListener, org.springframework.boot.test.autoconfigure.web.servlet.WebDriverTestExecutionListener, org.springframework.boot.test.mock.mockito.MockitoTestExecutionListener, org.springframework.boot.test.mock.mockito.ResetMocksTestExecutionListener, org.springframework.test.context.web.ServletTestExecutionListener, org.springframework.test.context.support.DirtiesContextBeforeModesTestExecutionListener, org.springframework.test.context.support.DependencyInjectionTestExecutionListener, org.springframework.test.context.support.DirtiesContextTestExecutionListener, org.springframework.test.context.transaction.TransactionalTestExecutionListener, org.springframework.test.context.jdbc.SqlScriptsTestExecutionListener]
?[2m2020-04-06 04:29:30.897?[0;39m ?[32m INFO?[0;39m ?[35m9924?[0;39m ?[2m---?[0;39m ?[2m[    Test worker]?[0;39m ?[36m.b.t.c.SpringBootTestContextBootstrapper?[0;39m ?[2m:?[0;39m Using TestExecutionListeners: [org.springframework.test.context.web.ServletTestExecutionListener@6e585c6f, org.springframework.test.context.support.DirtiesContextBeforeModesTestExecutionListener@6653df1c, org.springframework.boot.test.mock.mockito.MockitoTestExecutionListener@4c76dca8, org.springframework.boot.test.autoconfigure.SpringBootDependencyInjectionTestExecutionListener@59131f58, org.springframework.test.context.support.DirtiesContextTestExecutionListener@75848b31, org.springframework.test.context.transaction.TransactionalTestExecutionListener@dd711a2, org.springframework.test.context.jdbc.SqlScriptsTestExecutionListener@773e0f2c, org.springframework.security.test.context.support.WithSecurityContextTestExecutionListener@3616274c, org.springframework.security.test.context.support.ReactorContextTestExecutionListener@679affbc, org.springframework.boot.test.autoconfigure.restdocs.RestDocsTestExecutionListener@52f5a8ec, org.springframework.boot.test.autoconfigure.web.client.MockRestServiceServerResetTestExecutionListener@55b58af1, org.springframework.boot.test.autoconfigure.web.servlet.MockMvcPrintOnlyOnFailureTestExecutionListener@521eeb4c, org.springframework.boot.test.autoconfigure.web.servlet.WebDriverTestExecutionListener@62c989ac, org.springframework.boot.test.mock.mockito.ResetMocksTestExecutionListener@1d84ffd1]
?[2m2020-04-06 04:29:30.912?[0;39m ?[32m INFO?[0;39m ?[35m9924?[0;39m ?[2m---?[0;39m ?[2m[    Test worker]?[0;39m ?[36mo.a.c.c.C.[Tomcat].[localhost].[/]      ?[0;39m ?[2m:?[0;39m Initializing Spring TestDispatcherServlet ''
?[2m2020-04-06 04:29:30.912?[0;39m ?[32m INFO?[0;39m ?[35m9924?[0;39m ?[2m---?[0;39m ?[2m[    Test worker]?[0;39m ?[36mo.s.t.web.servlet.TestDispatcherServlet ?[0;39m ?[2m:?[0;39m Initializing Servlet ''
?[2m2020-04-06 04:29:30.915?[0;39m ?[32m INFO?[0;39m ?[35m9924?[0;39m ?[2m---?[0;39m ?[2m[    Test worker]?[0;39m ?[36mo.s.t.web.servlet.TestDispatcherServlet ?[0;39m ?[2m:?[0;39m Completed initialization in 3 ms
?[2m2020-04-06 04:29:30.921?[0;39m ?[32mDEBUG?[0;39m ?[35m9924?[0;39m ?[2m---?[0;39m ?[2m[    Test worker]?[0;39m ?[36morg.hibernate.SQL                       ?[0;39m ?[2m:?[0;39m 
    insert 
    into
        posts
        (create_date, modified_date, author, content, title) 
    values
        (?, ?, ?, ?, ?)
?[2m2020-04-06 04:29:31.008?[0;39m ?[32mDEBUG?[0;39m ?[35m9924?[0;39m ?[2m---?[0;39m ?[2m[    Test worker]?[0;39m ?[36morg.hibernate.SQL                       ?[0;39m ?[2m:?[0;39m 
    select
        posts0_.id as id1_0_0_,
        posts0_.create_date as create_d2_0_0_,
        posts0_.modified_date as modified3_0_0_,
        posts0_.author as author4_0_0_,
        posts0_.content as content5_0_0_,
        posts0_.title as title6_0_0_ 
    from
        posts posts0_ 
    where
        posts0_.id=?
?[2m2020-04-06 04:29:31.015?[0;39m ?[32mDEBUG?[0;39m ?[35m9924?[0;39m ?[2m---?[0;39m ?[2m[    Test worker]?[0;39m ?[36morg.hibernate.SQL                       ?[0;39m ?[2m:?[0;39m 
    update
        posts 
    set
        create_date=?,
        modified_date=?,
        author=?,
        content=?,
        title=? 
    where
        id=?
?[2m2020-04-06 04:29:31.036?[0;39m ?[32mDEBUG?[0;39m ?[35m9924?[0;39m ?[2m---?[0;39m ?[2m[    Test worker]?[0;39m ?[36morg.hibernate.SQL                       ?[0;39m ?[2m:?[0;39m 
    select
        posts0_.id as id1_0_,
        posts0_.create_date as create_d2_0_,
        posts0_.modified_date as modified3_0_,
        posts0_.author as author4_0_,
        posts0_.content as content5_0_,
        posts0_.title as title6_0_ 
    from
        posts posts0_
?[2m2020-04-06 04:29:31.038?[0;39m ?[32mDEBUG?[0;39m ?[35m9924?[0;39m ?[2m---?[0;39m ?[2m[    Test worker]?[0;39m ?[36morg.hibernate.SQL                       ?[0;39m ?[2m:?[0;39m 
    select
        posts0_.id as id1_0_,
        posts0_.create_date as create_d2_0_,
        posts0_.modified_date as modified3_0_,
        posts0_.author as author4_0_,
        posts0_.content as content5_0_,
        posts0_.title as title6_0_ 
    from
        posts posts0_
?[2m2020-04-06 04:29:31.040?[0;39m ?[32mDEBUG?[0;39m ?[35m9924?[0;39m ?[2m---?[0;39m ?[2m[    Test worker]?[0;39m ?[36morg.hibernate.SQL                       ?[0;39m ?[2m:?[0;39m 
    delete 
    from
        posts 
    where
        id=?
?[2m2020-04-06 04:29:31.048?[0;39m ?[32m INFO?[0;39m ?[35m9924?[0;39m ?[2m---?[0;39m ?[2m[    Test worker]?[0;39m ?[36mo.a.c.c.C.[Tomcat].[localhost].[/]      ?[0;39m ?[2m:?[0;39m Initializing Spring TestDispatcherServlet ''
?[2m2020-04-06 04:29:31.048?[0;39m ?[32m INFO?[0;39m ?[35m9924?[0;39m ?[2m---?[0;39m ?[2m[    Test worker]?[0;39m ?[36mo.s.t.web.servlet.TestDispatcherServlet ?[0;39m ?[2m:?[0;39m Initializing Servlet ''
?[2m2020-04-06 04:29:31.051?[0;39m ?[32m INFO?[0;39m ?[35m9924?[0;39m ?[2m---?[0;39m ?[2m[    Test worker]?[0;39m ?[36mo.s.t.web.servlet.TestDispatcherServlet ?[0;39m ?[2m:?[0;39m Completed initialization in 2 ms
?[2m2020-04-06 04:29:31.056?[0;39m ?[32mDEBUG?[0;39m ?[35m9924?[0;39m ?[2m---?[0;39m ?[2m[    Test worker]?[0;39m ?[36morg.hibernate.SQL                       ?[0;39m ?[2m:?[0;39m 
    insert 
    into
        posts
        (create_date, modified_date, author, content, title) 
    values
        (?, ?, ?, ?, ?)
?[2m2020-04-06 04:29:31.058?[0;39m ?[32mDEBUG?[0;39m ?[35m9924?[0;39m ?[2m---?[0;39m ?[2m[    Test worker]?[0;39m ?[36morg.hibernate.SQL                       ?[0;39m ?[2m:?[0;39m 
    select
        posts0_.id as id1_0_,
        posts0_.create_date as create_d2_0_,
        posts0_.modified_date as modified3_0_,
        posts0_.author as author4_0_,
        posts0_.content as content5_0_,
        posts0_.title as title6_0_ 
    from
        posts posts0_
?[2m2020-04-06 04:29:31.059?[0;39m ?[32mDEBUG?[0;39m ?[35m9924?[0;39m ?[2m---?[0;39m ?[2m[    Test worker]?[0;39m ?[36morg.hibernate.SQL                       ?[0;39m ?[2m:?[0;39m 
    select
        posts0_.id as id1_0_,
        posts0_.create_date as create_d2_0_,
        posts0_.modified_date as modified3_0_,
        posts0_.author as author4_0_,
        posts0_.content as content5_0_,
        posts0_.title as title6_0_ 
    from
        posts posts0_
?[2m2020-04-06 04:29:31.060?[0;39m ?[32mDEBUG?[0;39m ?[35m9924?[0;39m ?[2m---?[0;39m ?[2m[    Test worker]?[0;39m ?[36morg.hibernate.SQL                       ?[0;39m ?[2m:?[0;39m 
    delete 
    from
        posts 
    where
        id=?
]]></system-out>
  <system-err><![CDATA[]]></system-err>
</testsuite>
