<?xml version="1.0" encoding="UTF-8"?>
<testsuite name="com.bluesky.book.web.dto.HelloResponseDtoTest" tests="1" skipped="0" failures="0" errors="0" timestamp="2020-04-05T19:29:31" hostname="DESKTOP-MTF91B9" time="0.002">
  <properties/>
  <testcase name="reponseTest" classname="com.bluesky.book.web.dto.HelloResponseDtoTest" time="0.002"/>
  <system-out><![CDATA[]]></system-out>
  <system-err><![CDATA[]]></system-err>
</testsuite>
